{"numFailedTestSuites":0,"numFailedTests":0,"numPassedTestSuites":4,"numPassedTests":17,"numPendingTestSuites":0,"numPendingTests":0,"numRuntimeErrorTestSuites":0,"numTodoTests":0,"numTotalTestSuites":4,"numTotalTests":17,"openHandles":[],"snapshot":{"added":0,"didUpdate":false,"failure":false,"filesAdded":0,"filesRemoved":0,"filesRemovedList":[],"filesUnmatched":0,"filesUpdated":0,"matched":0,"total":0,"unchecked":0,"uncheckedKeysByFile":[],"unmatched":0,"updated":0},"startTime":1752819471972,"success":true,"testResults":[{"assertionResults":[{"ancestorTitles":["RoomListing"],"failureMessages":[],"fullName":"RoomListing displays rooms with correct details and filter","location":null,"status":"passed","title":"displays rooms with correct details and filter"},{"ancestorTitles":["RoomListing"],"failureMessages":[],"fullName":"RoomListing filters available rooms when toggled","location":null,"status":"passed","title":"filters available rooms when toggled"},{"ancestorTitles":["RoomListing"],"failureMessages":[],"fullName":"RoomListing Book Now is disabled if room is unavailable","location":null,"status":"passed","title":"Book Now is disabled if room is unavailable"},{"ancestorTitles":["RoomListing"],"failureMessages":[],"fullName":"RoomListing displays error on fetch fail","location":null,"status":"passed","title":"displays error on fetch fail"}],"endTime":1752819477166,"message":"","name":"/home/coder/project/workspace/question_generation_service/solutions/a0eed849-cedb-4564-84a8-96bdf65687f9/reactapp/src/components/RoomListing.test.js","startTime":1752819472952,"status":"passed","summary":""},{"assertionResults":[{"ancestorTitles":["BookingList"],"failureMessages":[],"fullName":"BookingList displays all bookings with correct info & colors","location":null,"status":"passed","title":"displays all bookings with correct info & colors"},{"ancestorTitles":["BookingList"],"failureMessages":[],"fullName":"BookingList shows empty state when no bookings","location":null,"status":"passed","title":"shows empty state when no bookings"},{"ancestorTitles":["BookingList"],"failureMessages":[],"fullName":"BookingList shows error on fetch failure","location":null,"status":"passed","title":"shows error on fetch failure"}],"endTime":1752819477197,"message":"","name":"/home/coder/project/workspace/question_generation_service/solutions/a0eed849-cedb-4564-84a8-96bdf65687f9/reactapp/src/components/BookingList.test.js","startTime":1752819472997,"status":"passed","summary":""},{"assertionResults":[{"ancestorTitles":["BookingForm"],"failureMessages":[],"fullName":"BookingForm shows all inputs and validation errors","location":null,"status":"passed","title":"shows all inputs and validation errors"},{"ancestorTitles":["BookingForm"],"failureMessages":[],"fullName":"BookingForm shows error for invalid email","location":null,"status":"passed","title":"shows error for invalid email"},{"ancestorTitles":["BookingForm"],"failureMessages":[],"fullName":"BookingForm shows error for invalid date order","location":null,"status":"passed","title":"shows error for invalid date order"},{"ancestorTitles":["BookingForm"],"failureMessages":[],"fullName":"BookingForm submits valid form and shows success","location":null,"status":"passed","title":"submits valid form and shows success"},{"ancestorTitles":["BookingForm"],"failureMessages":[],"fullName":"BookingForm shows API error on booking fail","location":null,"status":"passed","title":"shows API error on booking fail"}],"endTime":1752819477266,"message":"","name":"/home/coder/project/workspace/question_generation_service/solutions/a0eed849-cedb-4564-84a8-96bdf65687f9/reactapp/src/components/BookingForm.test.js","startTime":1752819473011,"status":"passed","summary":""},{"assertionResults":[{"ancestorTitles":["AdminPanel"],"failureMessages":[],"fullName":"AdminPanel shows only pending bookings and approve/reject","location":null,"status":"passed","title":"shows only pending bookings and approve/reject"},{"ancestorTitles":["AdminPanel"],"failureMessages":[],"fullName":"AdminPanel shows message on rejection","location":null,"status":"passed","title":"shows message on rejection"},{"ancestorTitles":["AdminPanel"],"failureMessages":[],"fullName":"AdminPanel shows empty state if no pending bookings","location":null,"status":"passed","title":"shows empty state if no pending bookings"},{"ancestorTitles":["AdminPanel"],"failureMessages":[],"fullName":"AdminPanel shows error on get fail","location":null,"status":"passed","title":"shows error on get fail"},{"ancestorTitles":["AdminPanel"],"failureMessages":[],"fullName":"AdminPanel shows API error on update fail","location":null,"status":"passed","title":"shows API error on update fail"}],"endTime":1752819477609,"message":"","name":"/home/coder/project/workspace/question_generation_service/solutions/a0eed849-cedb-4564-84a8-96bdf65687f9/reactapp/src/components/AdminPanel.test.js","startTime":1752819477207,"status":"passed","summary":""}],"wasInterrupted":false}